2021-05-04 11:26:22,881 INFO notifyConnectTimeout:200

2021-05-04 11:26:22,887 INFO notifySocketTimeout:8000

2021-05-04 11:26:22,888 INFO isHealthCheck:true

2021-05-04 11:26:22,888 INFO maxHealthCheckFailCount:12

2021-05-04 11:26:22,888 INFO maxContent:10485760

2021-05-04 11:26:24,436 INFO Schema 'NACOS' already exists.

2021-05-04 11:26:24,625 INFO Table/View 'CONFIG_INFO' already exists in Schema 'NACOS'.

2021-05-04 11:26:24,981 INFO Table/View 'HIS_CONFIG_INFO' already exists in Schema 'NACOS'.

2021-05-04 11:26:25,153 INFO Table/View 'CONFIG_INFO_BETA' already exists in Schema 'NACOS'.

2021-05-04 11:26:25,325 INFO Table/View 'CONFIG_INFO_TAG' already exists in Schema 'NACOS'.

2021-05-04 11:26:25,430 INFO Table/View 'CONFIG_INFO_AGGR' already exists in Schema 'NACOS'.

2021-05-04 11:26:25,553 INFO Table/View 'APP_LIST' already exists in Schema 'NACOS'.

2021-05-04 11:26:25,692 INFO Table/View 'APP_CONFIGDATA_RELATION_SUBS' already exists in Schema 'NACOS'.

2021-05-04 11:26:25,818 INFO Table/View 'APP_CONFIGDATA_RELATION_PUBS' already exists in Schema 'NACOS'.

2021-05-04 11:26:25,952 INFO Table/View 'CONFIG_TAGS_RELATION' already exists in Schema 'NACOS'.

2021-05-04 11:26:26,138 INFO Table/View 'GROUP_CAPACITY' already exists in Schema 'NACOS'.

2021-05-04 11:26:26,249 INFO Table/View 'TENANT_CAPACITY' already exists in Schema 'NACOS'.

2021-05-04 11:26:26,374 INFO Table/View 'TENANT_INFO' already exists in Schema 'NACOS'.

2021-05-04 11:26:26,507 INFO Table/View 'USERS' already exists in Schema 'NACOS'.

2021-05-04 11:26:26,597 INFO Table/View 'ROLES' already exists in Schema 'NACOS'.

2021-05-04 11:26:26,910 INFO The statement was aborted because it would have caused a duplicate key value in a unique or primary key constraint or unique index identified by 'SQL200301145653170' defined on 'USERS'.

2021-05-04 11:26:28,039 INFO ServerListService address-server port:8848

2021-05-04 11:26:28,040 INFO ADDRESS_SERVER_URL:http://jmenv.tbsite.net:8080/nacos/serverlist

2021-05-04 11:26:28,044 WARN [serverlist] updated to [192.168.0.111]

2021-05-04 11:26:28,260 WARN DumpService start

2021-05-04 11:26:28,263 INFO start clear all config-info.

2021-05-04 11:26:28,278 WARN clear all config-info failed.

2021-05-04 11:26:28,279 WARN clear all config-info-tenant failed.

2021-05-04 11:26:28,469 INFO start clear all config-info-beta.

2021-05-04 11:26:28,470 WARN clear all config-info-beta failed.

2021-05-04 11:26:28,470 WARN clear all config-info-beta-tenant failed.

2021-05-04 11:26:28,541 INFO start clear all config-info-tag.

2021-05-04 11:26:28,542 WARN clear all config-info-tag failed.

2021-05-04 11:26:28,543 WARN clear all config-info-tag-tenant failed.

2021-05-04 16:28:31,458 INFO notifyConnectTimeout:200

2021-05-04 16:28:31,468 INFO notifySocketTimeout:8000

2021-05-04 16:28:31,468 INFO isHealthCheck:true

2021-05-04 16:28:31,468 INFO maxHealthCheckFailCount:12

2021-05-04 16:28:31,468 INFO maxContent:10485760

2021-05-04 16:28:33,087 INFO Schema 'NACOS' already exists.

2021-05-04 16:28:33,247 INFO Table/View 'CONFIG_INFO' already exists in Schema 'NACOS'.

2021-05-04 16:28:33,537 INFO Table/View 'HIS_CONFIG_INFO' already exists in Schema 'NACOS'.

2021-05-04 16:28:33,657 INFO Table/View 'CONFIG_INFO_BETA' already exists in Schema 'NACOS'.

2021-05-04 16:28:33,847 INFO Table/View 'CONFIG_INFO_TAG' already exists in Schema 'NACOS'.

2021-05-04 16:28:33,947 INFO Table/View 'CONFIG_INFO_AGGR' already exists in Schema 'NACOS'.

2021-05-04 16:28:34,017 INFO Table/View 'APP_LIST' already exists in Schema 'NACOS'.

2021-05-04 16:28:34,097 INFO Table/View 'APP_CONFIGDATA_RELATION_SUBS' already exists in Schema 'NACOS'.

2021-05-04 16:28:34,266 INFO Table/View 'APP_CONFIGDATA_RELATION_PUBS' already exists in Schema 'NACOS'.

2021-05-04 16:28:34,337 INFO Table/View 'CONFIG_TAGS_RELATION' already exists in Schema 'NACOS'.

2021-05-04 16:28:34,457 INFO Table/View 'GROUP_CAPACITY' already exists in Schema 'NACOS'.

2021-05-04 16:28:34,537 INFO Table/View 'TENANT_CAPACITY' already exists in Schema 'NACOS'.

2021-05-04 16:28:34,607 INFO Table/View 'TENANT_INFO' already exists in Schema 'NACOS'.

2021-05-04 16:28:34,707 INFO Table/View 'USERS' already exists in Schema 'NACOS'.

2021-05-04 16:28:34,776 INFO Table/View 'ROLES' already exists in Schema 'NACOS'.

2021-05-04 16:28:35,076 INFO The statement was aborted because it would have caused a duplicate key value in a unique or primary key constraint or unique index identified by 'SQL200301145653170' defined on 'USERS'.

2021-05-04 16:28:36,225 INFO ServerListService address-server port:8848

2021-05-04 16:28:36,225 INFO ADDRESS_SERVER_URL:http://jmenv.tbsite.net:8080/nacos/serverlist

2021-05-04 16:28:36,225 WARN [serverlist] updated to [192.168.0.111]

2021-05-04 16:28:36,495 WARN DumpService start

2021-05-04 16:28:36,495 INFO start clear all config-info.

2021-05-04 16:28:36,505 WARN clear all config-info failed.

2021-05-04 16:28:36,505 WARN clear all config-info-tenant failed.

2021-05-04 16:28:36,685 INFO start clear all config-info-beta.

2021-05-04 16:28:36,685 WARN clear all config-info-beta failed.

2021-05-04 16:28:36,685 WARN clear all config-info-beta-tenant failed.

2021-05-04 16:28:36,775 INFO start clear all config-info-tag.

2021-05-04 16:28:36,775 WARN clear all config-info-tag failed.

2021-05-04 16:28:36,775 WARN clear all config-info-tag-tenant failed.

2021-05-04 17:47:50,006 INFO notifyConnectTimeout:200

2021-05-04 17:47:50,007 INFO notifySocketTimeout:8000

2021-05-04 17:47:50,007 INFO isHealthCheck:true

2021-05-04 17:47:50,007 INFO maxHealthCheckFailCount:12

2021-05-04 17:47:50,007 INFO maxContent:10485760

2021-05-04 17:47:51,534 INFO Schema 'NACOS' already exists.

2021-05-04 17:47:51,720 INFO Table/View 'CONFIG_INFO' already exists in Schema 'NACOS'.

2021-05-04 17:47:51,976 INFO Table/View 'HIS_CONFIG_INFO' already exists in Schema 'NACOS'.

2021-05-04 17:47:52,111 INFO Table/View 'CONFIG_INFO_BETA' already exists in Schema 'NACOS'.

2021-05-04 17:47:52,240 INFO Table/View 'CONFIG_INFO_TAG' already exists in Schema 'NACOS'.

2021-05-04 17:47:52,464 INFO Table/View 'CONFIG_INFO_AGGR' already exists in Schema 'NACOS'.

2021-05-04 17:47:52,585 INFO Table/View 'APP_LIST' already exists in Schema 'NACOS'.

2021-05-04 17:47:52,663 INFO Table/View 'APP_CONFIGDATA_RELATION_SUBS' already exists in Schema 'NACOS'.

2021-05-04 17:47:52,737 INFO Table/View 'APP_CONFIGDATA_RELATION_PUBS' already exists in Schema 'NACOS'.

2021-05-04 17:47:52,830 INFO Table/View 'CONFIG_TAGS_RELATION' already exists in Schema 'NACOS'.

2021-05-04 17:47:52,990 INFO Table/View 'GROUP_CAPACITY' already exists in Schema 'NACOS'.

2021-05-04 17:47:53,108 INFO Table/View 'TENANT_CAPACITY' already exists in Schema 'NACOS'.

2021-05-04 17:47:53,158 INFO Table/View 'TENANT_INFO' already exists in Schema 'NACOS'.

2021-05-04 17:47:53,296 INFO Table/View 'USERS' already exists in Schema 'NACOS'.

2021-05-04 17:47:53,430 INFO Table/View 'ROLES' already exists in Schema 'NACOS'.

2021-05-04 17:47:53,653 INFO The statement was aborted because it would have caused a duplicate key value in a unique or primary key constraint or unique index identified by 'SQL200301145653170' defined on 'USERS'.

2021-05-04 17:47:55,386 INFO ServerListService address-server port:8848

2021-05-04 17:47:55,386 INFO ADDRESS_SERVER_URL:http://jmenv.tbsite.net:8080/nacos/serverlist

2021-05-04 17:47:55,387 WARN [serverlist] updated to [192.168.0.111]

2021-05-04 17:47:56,196 WARN DumpService start

2021-05-04 17:47:56,201 INFO start clear all config-info.

2021-05-04 17:47:56,222 WARN clear all config-info failed.

2021-05-04 17:47:56,224 WARN clear all config-info-tenant failed.

2021-05-04 17:47:56,805 INFO start clear all config-info-beta.

2021-05-04 17:47:56,806 WARN clear all config-info-beta failed.

2021-05-04 17:47:56,806 WARN clear all config-info-beta-tenant failed.

2021-05-04 17:47:56,886 INFO start clear all config-info-tag.

2021-05-04 17:47:56,886 WARN clear all config-info-tag failed.

2021-05-04 17:47:56,886 WARN clear all config-info-tag-tenant failed.

2021-05-04 17:50:50,748 INFO notifyConnectTimeout:200

2021-05-04 17:50:50,748 INFO notifySocketTimeout:8000

2021-05-04 17:50:50,749 INFO isHealthCheck:true

2021-05-04 17:50:50,749 INFO maxHealthCheckFailCount:12

2021-05-04 17:50:50,749 INFO maxContent:10485760

2021-05-04 17:50:52,209 INFO Schema 'NACOS' already exists.

2021-05-04 17:50:52,383 INFO Table/View 'CONFIG_INFO' already exists in Schema 'NACOS'.

2021-05-04 17:50:52,583 INFO Table/View 'HIS_CONFIG_INFO' already exists in Schema 'NACOS'.

2021-05-04 17:50:52,733 INFO Table/View 'CONFIG_INFO_BETA' already exists in Schema 'NACOS'.

2021-05-04 17:50:52,895 INFO Table/View 'CONFIG_INFO_TAG' already exists in Schema 'NACOS'.

2021-05-04 17:50:53,058 INFO Table/View 'CONFIG_INFO_AGGR' already exists in Schema 'NACOS'.

2021-05-04 17:50:53,168 INFO Table/View 'APP_LIST' already exists in Schema 'NACOS'.

2021-05-04 17:50:53,256 INFO Table/View 'APP_CONFIGDATA_RELATION_SUBS' already exists in Schema 'NACOS'.

2021-05-04 17:50:53,360 INFO Table/View 'APP_CONFIGDATA_RELATION_PUBS' already exists in Schema 'NACOS'.

2021-05-04 17:50:53,490 INFO Table/View 'CONFIG_TAGS_RELATION' already exists in Schema 'NACOS'.

2021-05-04 17:50:53,624 INFO Table/View 'GROUP_CAPACITY' already exists in Schema 'NACOS'.

2021-05-04 17:50:53,766 INFO Table/View 'TENANT_CAPACITY' already exists in Schema 'NACOS'.

2021-05-04 17:50:53,878 INFO Table/View 'TENANT_INFO' already exists in Schema 'NACOS'.

2021-05-04 17:50:54,022 INFO Table/View 'USERS' already exists in Schema 'NACOS'.

2021-05-04 17:50:54,095 INFO Table/View 'ROLES' already exists in Schema 'NACOS'.

2021-05-04 17:50:54,202 INFO The statement was aborted because it would have caused a duplicate key value in a unique or primary key constraint or unique index identified by 'SQL200301145653170' defined on 'USERS'.

2021-05-04 17:50:55,286 INFO ServerListService address-server port:8848

2021-05-04 17:50:55,286 INFO ADDRESS_SERVER_URL:http://jmenv.tbsite.net:8080/nacos/serverlist

2021-05-04 17:50:55,287 WARN [serverlist] updated to [192.168.0.111]

2021-05-04 17:50:55,534 WARN DumpService start

2021-05-04 17:50:55,538 INFO start clear all config-info.

2021-05-04 17:50:55,547 WARN clear all config-info failed.

2021-05-04 17:50:55,547 WARN clear all config-info-tenant failed.

2021-05-04 17:50:55,665 INFO start clear all config-info-beta.

2021-05-04 17:50:55,666 WARN clear all config-info-beta failed.

2021-05-04 17:50:55,666 WARN clear all config-info-beta-tenant failed.

2021-05-04 17:50:55,686 INFO start clear all config-info-tag.

2021-05-04 17:50:55,687 WARN clear all config-info-tag failed.

2021-05-04 17:50:55,687 WARN clear all config-info-tag-tenant failed.

