2021-04-06 23:23:30,438 INFO Starting Nacos v1.1.4 on DESKTOP-FL5F8IB with PID 13132 (D:\project\vehicle\nacos\target\nacos-server.jar started by 杨秀眉 in D:\project\vehicle\nacos\bin)

2021-04-06 23:23:30,444 INFO The following profiles are active: standalone

2021-04-06 23:23:33,618 INFO Bean 'org.springframework.security.config.annotation.configuration.ObjectPostProcessorConfiguration' of type [org.springframework.security.config.annotation.configuration.ObjectPostProcessorConfiguration$$EnhancerBySpringCGLIB$$49f3cb4] is not eligible for getting processed by all BeanPostProcessors (for example: not eligible for auto-proxying)

2021-04-06 23:23:33,816 INFO Bean 'objectPostProcessor' of type [org.springframework.security.config.annotation.configuration.AutowireBeanFactoryObjectPostProcessor] is not eligible for getting processed by all BeanPostProcessors (for example: not eligible for auto-proxying)

2021-04-06 23:23:33,828 INFO Bean 'org.springframework.security.access.expression.method.DefaultMethodSecurityExpressionHandler@303cf2ba' of type [org.springframework.security.access.expression.method.DefaultMethodSecurityExpressionHandler] is not eligible for getting processed by all BeanPostProcessors (for example: not eligible for auto-proxying)

2021-04-06 23:23:33,832 INFO Bean 'org.springframework.security.config.annotation.method.configuration.GlobalMethodSecurityConfiguration' of type [org.springframework.security.config.annotation.method.configuration.GlobalMethodSecurityConfiguration$$EnhancerBySpringCGLIB$$2973df66] is not eligible for getting processed by all BeanPostProcessors (for example: not eligible for auto-proxying)

2021-04-06 23:23:33,842 INFO Bean 'methodSecurityMetadataSource' of type [org.springframework.security.access.method.DelegatingMethodSecurityMetadataSource] is not eligible for getting processed by all BeanPostProcessors (for example: not eligible for auto-proxying)

2021-04-06 23:23:35,350 INFO Tomcat initialized with port(s): 8848 (http)

2021-04-06 23:23:35,455 INFO Starting service [Tomcat]

2021-04-06 23:23:35,455 INFO Starting Servlet Engine: Apache Tomcat/9.0.13

2021-04-06 23:23:35,479 INFO The APR based Apache Tomcat Native library which allows optimal performance in production environments was not found on the java.library.path: [C:\Program Files\Java\jdk1.8.0_131\bin;C:\WINDOWS\Sun\Java\bin;C:\WINDOWS\system32;C:\WINDOWS;D:\git\Git\mingw64\bin;D:\git\Git\usr\bin;C:\Users\杨秀眉\bin;C:\ProgramData\Oracle\Java\javapath;C:\WINDOWS\system32;C:\WINDOWS;C:\WINDOWS\System32\Wbem;C:\Program Files\MySQL\MySQL Server 5.7\bin;C:\Program Files\Java\jdk1.8.0_131\bin;C:\Program Files\Java\jdk1.8.0_131\jre\bin;.;C:\WINDOWS\system32;D:\software\maven\apache-maven-3.5.2\bin";C:\WINDOWS\system32\config\systemprofile\.dnx\bin;C:\Program Files\Microsoft DNX\Dnvm;C:\Program Files\Microsoft SQL Server\130\Tools\Binn;C:\WINDOWS\System32\WindowsPowerShell\v1.0;C:\Program Files (x86)\Microsoft SQL Server\110\DTS\Binn;D:\oracle\instantclient_12_1;D:\oracle\instantclient_12_1;C:\Program Files\Microsoft SQL Server\110\DTS\Binn;C:\Program Files (x86)\Microsoft SQL Server\110\Tools\Binn;C:\Program Files\Microsoft SQL Server\110\Tools\Binn;C:\Program Files (x86)\Microsoft SQL Server\110\Tools\Binn\ManagementStudio;C:\Program Files (x86)\Microsoft Visual Studio 10.0\Common7\IDE\PrivateAssemblies;C:\WINDOWS\System32\OpenSSH;C:\Program Files\nodejs;D:\software\gradle\gradle-4.9-bin\gradle-4.9\bin;${ZK_HOME}\bin;D:\jar\maven\apache-maven-3.3.9_bos\bin;C:\Users\杨秀眉\AppData\Local\Microsoft\WindowsApps;D:\SSH;D:\oracle\instantclient_12_1;C:\Users\杨秀眉\AppData\Roaming\npm;.]

2021-04-06 23:23:35,615 INFO Initializing Spring embedded WebApplicationContext

2021-04-06 23:23:35,615 INFO Root WebApplicationContext: initialization completed in 5096 ms

2021-04-06 23:23:43,568 INFO Use Mysql as the driver

2021-04-06 23:23:44,228 INFO Initializing ExecutorService 'applicationTaskExecutor'

2021-04-06 23:23:44,835 INFO Adding welcome page: class path resource [static/index.html]

2021-04-06 23:23:45,347 INFO Creating filter chain: Ant [pattern='/'], []

2021-04-06 23:23:45,348 INFO Creating filter chain: Ant [pattern='/**/*.css'], []

2021-04-06 23:23:45,349 INFO Creating filter chain: Ant [pattern='/**/*.js'], []

2021-04-06 23:23:45,349 INFO Creating filter chain: Ant [pattern='/**/*.html'], []

2021-04-06 23:23:45,349 INFO Creating filter chain: Ant [pattern='/**/*.map'], []

2021-04-06 23:23:45,350 INFO Creating filter chain: Ant [pattern='/**/*.svg'], []

2021-04-06 23:23:45,350 INFO Creating filter chain: Ant [pattern='/**/*.png'], []

2021-04-06 23:23:45,350 INFO Creating filter chain: Ant [pattern='/**/*.ico'], []

2021-04-06 23:23:45,351 INFO Creating filter chain: Ant [pattern='/console-fe/public/**'], []

2021-04-06 23:23:45,351 INFO Creating filter chain: Ant [pattern='/v1/auth/login'], []

2021-04-06 23:23:45,351 INFO Creating filter chain: Ant [pattern='/v1/console/health/**'], []

2021-04-06 23:23:45,351 INFO Creating filter chain: Ant [pattern='/v1/cs/**'], []

2021-04-06 23:23:45,352 INFO Creating filter chain: Ant [pattern='/v1/ns/**'], []

2021-04-06 23:23:45,352 INFO Creating filter chain: Ant [pattern='/v1/cmdb/**'], []

2021-04-06 23:23:45,352 INFO Creating filter chain: Ant [pattern='/actuator/**'], []

2021-04-06 23:23:45,353 INFO Creating filter chain: Ant [pattern='/v1/console/server/**'], []

2021-04-06 23:23:45,408 INFO Creating filter chain: any request, [org.springframework.security.web.context.request.async.WebAsyncManagerIntegrationFilter@d8305c2, org.springframework.security.web.context.SecurityContextPersistenceFilter@4c4d27c8, org.springframework.security.web.header.HeaderWriterFilter@a776e, org.springframework.security.web.authentication.logout.LogoutFilter@19ae6bb, com.alibaba.nacos.console.filter.JwtAuthenticationTokenFilter@56bca85b, org.springframework.security.web.savedrequest.RequestCacheAwareFilter@338494fa, org.springframework.security.web.servletapi.SecurityContextHolderAwareRequestFilter@129b4fe2, org.springframework.security.web.authentication.AnonymousAuthenticationFilter@75d0911a, org.springframework.security.web.session.SessionManagementFilter@79145d5a, org.springframework.security.web.access.ExceptionTranslationFilter@cb191ca, org.springframework.security.web.access.intercept.FilterSecurityInterceptor@422c3c7a]

2021-04-06 23:23:45,557 INFO Exposing 2 endpoint(s) beneath base path '/actuator'

2021-04-06 23:23:45,597 INFO Initializing ExecutorService 'taskScheduler'

2021-04-06 23:23:45,759 INFO Tomcat started on port(s): 8848 (http) with context path '/nacos'

2021-04-06 23:23:45,765 INFO Started Nacos in 17.807 seconds (JVM running for 18.563)

2021-04-06 23:23:45,766 INFO Nacos Log files: D:\project\vehicle\nacos/logs/

2021-04-06 23:23:45,766 INFO Nacos Conf files: D:\project\vehicle\nacos/conf/

2021-04-06 23:23:45,767 INFO Nacos Data files: D:\project\vehicle\nacos/data/

2021-04-06 23:23:45,767 INFO Nacos started successfully in stand alone mode.

2021-04-06 23:23:48,171 INFO Initializing Spring DispatcherServlet 'dispatcherServlet'

2021-04-06 23:23:48,171 INFO Initializing Servlet 'dispatcherServlet'

2021-04-06 23:23:48,184 INFO Completed initialization in 12 ms

2021-04-06 23:25:53,328 INFO Expired JWT token.

2021-04-06 23:25:53,389 ERROR Responding with unauthorized error. Message - Full authentication is required to access this resource

2021-04-06 23:33:43,087 INFO [capacityManagement] start correct usage

2021-04-06 23:33:43,295 INFO [capacityManagement] end correct usage, cost: 0s

2021-04-06 23:33:43,558 WARN clearConfigHistory start

2021-04-06 23:43:46,695 INFO [capacityManagement] start correct usage

2021-04-06 23:43:46,696 INFO [capacityManagement] end correct usage, cost: 0s

2021-04-06 23:43:47,052 WARN clearConfigHistory start

