2021-05-04 11:14:57,507 INFO PERFORMANCE:|1|0|-1|-1

2021-05-04 11:19:57,553 INFO PERFORMANCE:|1|0|-1|-1

2021-05-04 11:26:58,698 INFO PERFORMANCE:|0|0|-1|-1

2021-05-04 11:31:58,708 INFO PERFORMANCE:|1|1|-1|-1

2021-05-04 11:36:58,723 INFO PERFORMANCE:|1|1|-1|-1

2021-05-04 11:41:58,732 INFO PERFORMANCE:|1|1|-1|-1

2021-05-04 11:47:00,267 INFO PERFORMANCE:|1|1|-1|-1

2021-05-04 11:52:00,281 INFO PERFORMANCE:|1|1|-1|-1

2021-05-04 15:18:07,771 INFO PERFORMANCE:|1|1|-1|-1

2021-05-04 15:23:07,772 INFO PERFORMANCE:|1|1|-1|-1

2021-05-04 15:28:07,782 INFO PERFORMANCE:|1|1|-1|-1

2021-05-04 15:33:07,821 INFO PERFORMANCE:|1|1|-1|-1

2021-05-04 15:38:07,824 INFO PERFORMANCE:|1|1|-1|-1

2021-05-04 16:29:06,939 INFO PERFORMANCE:|0|0|-1|-1

2021-05-04 16:34:06,944 INFO PERFORMANCE:|1|0|-1|-1

2021-05-04 16:39:06,945 INFO PERFORMANCE:|2|1|-1|-1

2021-05-04 16:44:06,951 INFO PERFORMANCE:|2|1|-1|-1

2021-05-04 16:49:06,951 INFO PERFORMANCE:|2|1|-1|-1

2021-05-04 16:54:06,964 INFO PERFORMANCE:|2|1|-1|-1

2021-05-04 16:59:06,967 INFO PERFORMANCE:|3|2|-1|-1

2021-05-04 17:04:06,972 INFO PERFORMANCE:|3|2|-1|-1

2021-05-04 17:09:06,986 INFO PERFORMANCE:|3|2|-1|-1

2021-05-04 17:14:07,012 INFO PERFORMANCE:|3|2|-1|-1

2021-05-04 17:19:07,015 INFO PERFORMANCE:|3|0|-1|-1

2021-05-04 17:24:07,025 INFO PERFORMANCE:|3|0|-1|-1

2021-05-04 17:29:07,036 INFO PERFORMANCE:|3|0|-1|-1

2021-05-04 17:34:07,047 INFO PERFORMANCE:|3|0|-1|-1

2021-05-04 17:39:07,058 INFO PERFORMANCE:|3|0|-1|-1

2021-05-04 17:44:07,065 INFO PERFORMANCE:|3|0|-1|-1

2021-05-04 17:48:27,066 INFO PERFORMANCE:|0|0|-1|-1

2021-05-04 17:51:25,761 INFO PERFORMANCE:|0|0|-1|-1

